<?xml version="1.0" encoding="UTF-8"?>
<testsuite name="com.dvla.FileServiceTest" tests="2" skipped="0" failures="0" errors="0" timestamp="2018-01-10T17:43:19" hostname="thinkpad" time="0.002">
  <properties/>
  <testcase name="testAllFiles" classname="com.dvla.FileServiceTest" time="0.001"/>
  <testcase name="testSupportedFiles" classname="com.dvla.FileServiceTest" time="0.001"/>
  <system-out><![CDATA[]]></system-out>
  <system-err><![CDATA[]]></system-err>
</testsuite>
